2021-06-24 11:07:58,399 - C:\Users\Home\Desktop\Work\Training\Python Exercise - 2021-06-22\config file opened and directories are read.
2021-06-24 11:07:58,400 - C:\Users\Home\Desktop\Work\Training\Python Exercise - 2021-06-22\config file opened and directories are set.
2021-06-24 11:07:58,401 - C:\Users\Home\Desktop\Work\Training\Python Exercise - 2021-06-22\config file opened and directories are read.
2021-06-24 11:07:58,402 - C:\Users\Home\Desktop\Work\Training\Python Exercise - 2021-06-22\input.txt file opened and read all the contents into a list.
2021-06-24 11:07:58,414 - C:\Users\Home\Desktop\Work\Training\Python Exercise - 2021-06-22\output.txt file opened and contents written.
2021-06-24 11:07:58,415 - C:\Users\Home\Desktop\Work\Training\Python Exercise - 2021-06-22\output.txt file opened and contents written.
2021-06-24 11:07:58,416 - C:\Users\Home\Desktop\Work\Training\Python Exercise - 2021-06-22\output.txt file opened and contents written.
2021-06-24 11:07:58,417 - C:\Users\Home\Desktop\Work\Training\Python Exercise - 2021-06-22\output.txt file opened and contents written.
2021-06-24 11:07:58,418 - C:\Users\Home\Desktop\Work\Training\Python Exercise - 2021-06-22\output.txt file opened and contents written.
2021-06-24 11:07:58,419 - C:\Users\Home\Desktop\Work\Training\Python Exercise - 2021-06-22\output.txt file opened and contents written.
2021-06-24 11:07:58,420 - C:\Users\Home\Desktop\Work\Training\Python Exercise - 2021-06-22\output.txt file opened and contents written.
2021-06-24 11:07:58,420 - C:\Users\Home\Desktop\Work\Training\Python Exercise - 2021-06-22\output.txt file opened and contents written.
2021-06-24 11:07:58,421 - C:\Users\Home\Desktop\Work\Training\Python Exercise - 2021-06-22\output.txt file opened and contents written.
2021-06-24 11:07:58,422 - C:\Users\Home\Desktop\Work\Training\Python Exercise - 2021-06-22\output.txt file opened and contents written.
2021-06-24 11:07:58,423 - C:\Users\Home\Desktop\Work\Training\Python Exercise - 2021-06-22\output.txt file opened and contents written.
2021-06-24 11:07:58,424 - C:\Users\Home\Desktop\Work\Training\Python Exercise - 2021-06-22\output.txt file opened and contents written.
2021-06-24 11:07:58,424 - C:\Users\Home\Desktop\Work\Training\Python Exercise - 2021-06-22\output.txt file opened and contents written.
2021-06-24 11:07:58,425 - C:\Users\Home\Desktop\Work\Training\Python Exercise - 2021-06-22\output.txt file opened and contents written.
2021-06-24 11:07:58,425 - C:\Users\Home\Desktop\Work\Training\Python Exercise - 2021-06-22\output.txt file opened and contents written.
2021-06-24 11:07:58,426 - C:\Users\Home\Desktop\Work\Training\Python Exercise - 2021-06-22\output.txt file opened and contents written.
2021-06-24 11:07:58,427 - C:\Users\Home\Desktop\Work\Training\Python Exercise - 2021-06-22\output.txt file opened and contents written.
2021-06-24 11:07:58,427 - C:\Users\Home\Desktop\Work\Training\Python Exercise - 2021-06-22\output.txt file opened and contents written.
2021-06-24 11:07:58,428 - C:\Users\Home\Desktop\Work\Training\Python Exercise - 2021-06-22\output.txt file opened and contents written.
2021-06-24 11:07:58,429 - C:\Users\Home\Desktop\Work\Training\Python Exercise - 2021-06-22\output.txt file opened and contents written.
2021-06-24 11:07:58,430 - C:\Users\Home\Desktop\Work\Training\Python Exercise - 2021-06-22\output.txt file opened and contents written.
2021-06-24 11:07:58,431 - C:\Users\Home\Desktop\Work\Training\Python Exercise - 2021-06-22\output.txt file opened and contents written.
2021-06-24 11:07:58,433 - C:\Users\Home\Desktop\Work\Training\Python Exercise - 2021-06-22\output.txt file opened and contents written.
2021-06-24 11:07:58,434 - C:\Users\Home\Desktop\Work\Training\Python Exercise - 2021-06-22\output.txt file opened and contents written.
2021-06-24 11:07:58,435 - C:\Users\Home\Desktop\Work\Training\Python Exercise - 2021-06-22\output.txt file opened and contents written.
2021-06-24 11:07:58,436 - C:\Users\Home\Desktop\Work\Training\Python Exercise - 2021-06-22\output.txt file opened and contents written.
2021-06-24 11:07:58,437 - C:\Users\Home\Desktop\Work\Training\Python Exercise - 2021-06-22\output.txt file opened and contents written.
2021-06-24 11:07:58,437 - C:\Users\Home\Desktop\Work\Training\Python Exercise - 2021-06-22\output.txt file opened and contents written.
2021-06-24 11:07:58,438 - C:\Users\Home\Desktop\Work\Training\Python Exercise - 2021-06-22\output.txt file opened and contents written.
2021-06-24 11:07:58,439 - C:\Users\Home\Desktop\Work\Training\Python Exercise - 2021-06-22\output.txt file opened and contents written.
2021-06-24 11:07:58,439 - C:\Users\Home\Desktop\Work\Training\Python Exercise - 2021-06-22\output.txt file opened and contents written.
2021-06-24 11:07:58,440 - C:\Users\Home\Desktop\Work\Training\Python Exercise - 2021-06-22\output.txt file opened and contents written.
2021-06-24 11:07:58,440 - C:\Users\Home\Desktop\Work\Training\Python Exercise - 2021-06-22\output.txt file opened and contents written.
2021-06-24 11:07:58,441 - C:\Users\Home\Desktop\Work\Training\Python Exercise - 2021-06-22\output.txt file opened and contents written.
2021-06-24 11:07:58,442 - C:\Users\Home\Desktop\Work\Training\Python Exercise - 2021-06-22\output.txt file opened and contents written.
2021-06-24 11:07:58,443 - C:\Users\Home\Desktop\Work\Training\Python Exercise - 2021-06-22\output.txt file opened and contents written.
2021-06-24 11:07:58,443 - C:\Users\Home\Desktop\Work\Training\Python Exercise - 2021-06-22\output.txt file opened and contents written.
2021-06-24 11:07:58,444 - C:\Users\Home\Desktop\Work\Training\Python Exercise - 2021-06-22\output.txt file opened and contents written.
2021-06-24 11:07:58,444 - Operations are done
