2021-06-25 12:36:34,695 - config file opened and directories are set.
2021-06-25 12:36:34,696 -  Finished Logging fileparser.log
2021-06-25 12:36:34,696 - config file opened and directories are read.
2021-06-25 12:36:34,696 -  Finished Logging fileparser.log
2021-06-25 12:36:34,697 - input file opened and read all the contents into a list.
2021-06-25 12:36:34,697 -  Finished Logging fileparser.log
2021-06-25 12:36:34,698 - output file opened and contents written.
2021-06-25 12:36:34,698 -  Finished Logging fileparser.log
2021-06-25 12:36:34,699 - output file opened and contents written.
2021-06-25 12:36:34,699 -  Finished Logging fileparser.log
2021-06-25 12:36:34,699 - output file opened and contents written.
2021-06-25 12:36:34,700 -  Finished Logging fileparser.log
2021-06-25 12:36:34,700 - output file opened and contents written.
2021-06-25 12:36:34,700 -  Finished Logging fileparser.log
2021-06-25 12:36:34,701 - output file opened and contents written.
2021-06-25 12:36:34,701 -  Finished Logging fileparser.log
2021-06-25 12:36:34,701 - output file opened and contents written.
2021-06-25 12:36:34,702 -  Finished Logging fileparser.log
2021-06-25 12:36:34,702 - output file opened and contents written.
2021-06-25 12:36:34,702 -  Finished Logging fileparser.log
2021-06-25 12:36:34,703 - output file opened and contents written.
2021-06-25 12:36:34,703 -  Finished Logging fileparser.log
2021-06-25 12:36:34,703 - output file opened and contents written.
2021-06-25 12:36:34,703 -  Finished Logging fileparser.log
2021-06-25 12:36:34,704 - output file opened and contents written.
2021-06-25 12:36:34,704 -  Finished Logging fileparser.log
2021-06-25 12:36:34,704 - output file opened and contents written.
2021-06-25 12:36:34,705 -  Finished Logging fileparser.log
2021-06-25 12:36:34,705 - output file opened and contents written.
2021-06-25 12:36:34,705 -  Finished Logging fileparser.log
2021-06-25 12:36:34,706 - output file opened and contents written.
2021-06-25 12:36:34,706 -  Finished Logging fileparser.log
2021-06-25 12:36:34,706 - output file opened and contents written.
2021-06-25 12:36:34,706 -  Finished Logging fileparser.log
2021-06-25 12:36:34,707 - output file opened and contents written.
2021-06-25 12:36:34,707 -  Finished Logging fileparser.log
2021-06-25 12:36:34,708 - output file opened and contents written.
2021-06-25 12:36:34,708 -  Finished Logging fileparser.log
2021-06-25 12:36:34,708 - output file opened and contents written.
2021-06-25 12:36:34,708 -  Finished Logging fileparser.log
2021-06-25 12:36:34,709 - output file opened and contents written.
2021-06-25 12:36:34,709 -  Finished Logging fileparser.log
2021-06-25 12:36:34,709 - output file opened and contents written.
2021-06-25 12:36:34,709 -  Finished Logging fileparser.log
2021-06-25 12:36:34,710 - output file opened and contents written.
2021-06-25 12:36:34,710 -  Finished Logging fileparser.log
2021-06-25 12:36:34,710 - output file opened and contents written.
2021-06-25 12:36:34,711 -  Finished Logging fileparser.log
2021-06-25 12:36:34,711 - output file opened and contents written.
2021-06-25 12:36:34,711 -  Finished Logging fileparser.log
2021-06-25 12:36:34,713 - output file opened and contents written.
2021-06-25 12:36:34,713 -  Finished Logging fileparser.log
2021-06-25 12:36:34,713 - output file opened and contents written.
2021-06-25 12:36:34,714 -  Finished Logging fileparser.log
2021-06-25 12:36:34,714 - output file opened and contents written.
2021-06-25 12:36:34,714 -  Finished Logging fileparser.log
2021-06-25 12:36:34,715 - output file opened and contents written.
2021-06-25 12:36:34,715 -  Finished Logging fileparser.log
2021-06-25 12:36:34,715 - output file opened and contents written.
2021-06-25 12:36:34,715 -  Finished Logging fileparser.log
2021-06-25 12:36:34,716 - output file opened and contents written.
2021-06-25 12:36:34,716 -  Finished Logging fileparser.log
2021-06-25 12:36:34,716 - output file opened and contents written.
2021-06-25 12:36:34,717 -  Finished Logging fileparser.log
2021-06-25 12:36:34,717 - output file opened and contents written.
2021-06-25 12:36:34,717 -  Finished Logging fileparser.log
2021-06-25 12:36:34,718 - output file opened and contents written.
2021-06-25 12:36:34,718 -  Finished Logging fileparser.log
2021-06-25 12:36:34,718 - output file opened and contents written.
2021-06-25 12:36:34,718 -  Finished Logging fileparser.log
2021-06-25 12:36:34,719 - output file opened and contents written.
2021-06-25 12:36:34,719 -  Finished Logging fileparser.log
2021-06-25 12:36:34,719 - output file opened and contents written.
2021-06-25 12:36:34,720 -  Finished Logging fileparser.log
2021-06-25 12:36:34,720 - output file opened and contents written.
2021-06-25 12:36:34,720 -  Finished Logging fileparser.log
2021-06-25 12:36:34,721 - output file opened and contents written.
2021-06-25 12:36:34,721 -  Finished Logging fileparser.log
2021-06-25 12:36:34,721 - output file opened and contents written.
2021-06-25 12:36:34,721 -  Finished Logging fileparser.log
2021-06-25 12:36:34,722 - output file opened and contents written.
2021-06-25 12:36:34,722 -  Finished Logging fileparser.log
2021-06-25 12:36:34,722 - Operations are done
2021-06-25 12:36:34,722 -  Finished Logging fileparser.log
2021-06-25 12:39:28,801 - config file opened and directories are set.
2021-06-25 12:39:28,801 -  Finished Logging fileparser.log
2021-06-25 12:39:28,801 - config file opened and directories are read.
2021-06-25 12:39:28,802 -  Finished Logging fileparser.log
2021-06-25 12:39:28,802 - input file opened and read all the contents into a list.
2021-06-25 12:39:28,802 -  Finished Logging fileparser.log
2021-06-25 12:48:15,532 - config file opened and directories are set.
2021-06-25 12:48:15,533 -  Finished Logging fileparser.log
2021-06-25 12:48:15,533 - config file opened and directories are read.
2021-06-25 12:48:15,533 -  Finished Logging fileparser.log
2021-06-25 12:48:15,534 - input file opened and read all the contents into a list.
2021-06-25 12:48:15,534 -  Finished Logging fileparser.log
2021-06-25 12:48:15,536 - output file opened and contents written.
2021-06-25 12:48:15,536 -  Finished Logging fileparser.log
2021-06-25 12:48:15,536 - output file opened and contents written.
2021-06-25 12:48:15,537 -  Finished Logging fileparser.log
2021-06-25 12:48:15,537 - output file opened and contents written.
2021-06-25 12:48:15,537 -  Finished Logging fileparser.log
2021-06-25 12:48:15,538 - output file opened and contents written.
2021-06-25 12:48:15,538 -  Finished Logging fileparser.log
2021-06-25 12:48:15,538 - output file opened and contents written.
2021-06-25 12:48:15,539 -  Finished Logging fileparser.log
2021-06-25 12:48:15,539 - output file opened and contents written.
2021-06-25 12:48:15,539 -  Finished Logging fileparser.log
2021-06-25 12:48:15,540 - output file opened and contents written.
2021-06-25 12:48:15,540 -  Finished Logging fileparser.log
2021-06-25 12:48:15,540 - output file opened and contents written.
2021-06-25 12:48:15,541 -  Finished Logging fileparser.log
2021-06-25 12:48:15,541 - output file opened and contents written.
2021-06-25 12:48:15,541 -  Finished Logging fileparser.log
2021-06-25 12:48:15,542 - output file opened and contents written.
2021-06-25 12:48:15,542 -  Finished Logging fileparser.log
2021-06-25 12:48:15,543 - output file opened and contents written.
2021-06-25 12:48:15,543 -  Finished Logging fileparser.log
2021-06-25 12:48:15,544 - output file opened and contents written.
2021-06-25 12:48:15,544 -  Finished Logging fileparser.log
2021-06-25 12:48:15,544 - output file opened and contents written.
2021-06-25 12:48:15,545 -  Finished Logging fileparser.log
2021-06-25 12:48:15,545 - output file opened and contents written.
2021-06-25 12:48:15,545 -  Finished Logging fileparser.log
2021-06-25 12:48:15,546 - output file opened and contents written.
2021-06-25 12:48:15,546 -  Finished Logging fileparser.log
2021-06-25 12:48:15,546 - output file opened and contents written.
2021-06-25 12:48:15,547 -  Finished Logging fileparser.log
2021-06-25 12:48:15,547 - output file opened and contents written.
2021-06-25 12:48:15,547 -  Finished Logging fileparser.log
2021-06-25 12:48:15,548 - output file opened and contents written.
2021-06-25 12:48:15,548 -  Finished Logging fileparser.log
2021-06-25 12:48:15,548 - output file opened and contents written.
2021-06-25 12:48:15,549 -  Finished Logging fileparser.log
2021-06-25 12:48:15,549 - output file opened and contents written.
2021-06-25 12:48:15,549 -  Finished Logging fileparser.log
2021-06-25 12:48:15,550 - output file opened and contents written.
2021-06-25 12:48:15,551 -  Finished Logging fileparser.log
2021-06-25 12:48:15,552 - output file opened and contents written.
2021-06-25 12:48:15,552 -  Finished Logging fileparser.log
2021-06-25 12:48:15,553 - output file opened and contents written.
2021-06-25 12:48:15,553 -  Finished Logging fileparser.log
2021-06-25 12:48:15,554 - output file opened and contents written.
2021-06-25 12:48:15,554 -  Finished Logging fileparser.log
2021-06-25 12:48:15,555 - output file opened and contents written.
2021-06-25 12:48:15,555 -  Finished Logging fileparser.log
2021-06-25 12:48:15,556 - output file opened and contents written.
2021-06-25 12:48:15,556 -  Finished Logging fileparser.log
2021-06-25 12:48:15,556 - output file opened and contents written.
2021-06-25 12:48:15,556 -  Finished Logging fileparser.log
2021-06-25 12:48:15,557 - output file opened and contents written.
2021-06-25 12:48:15,557 -  Finished Logging fileparser.log
2021-06-25 12:48:15,558 - output file opened and contents written.
2021-06-25 12:48:15,558 -  Finished Logging fileparser.log
2021-06-25 12:48:15,558 - output file opened and contents written.
2021-06-25 12:48:15,558 -  Finished Logging fileparser.log
2021-06-25 12:48:15,559 - output file opened and contents written.
2021-06-25 12:48:15,559 -  Finished Logging fileparser.log
2021-06-25 12:48:15,560 - output file opened and contents written.
2021-06-25 12:48:15,560 -  Finished Logging fileparser.log
2021-06-25 12:48:15,561 - output file opened and contents written.
2021-06-25 12:48:15,561 -  Finished Logging fileparser.log
2021-06-25 12:48:15,562 - output file opened and contents written.
2021-06-25 12:48:15,562 -  Finished Logging fileparser.log
2021-06-25 12:48:15,563 - output file opened and contents written.
2021-06-25 12:48:15,564 -  Finished Logging fileparser.log
2021-06-25 12:48:15,564 - output file opened and contents written.
2021-06-25 12:48:15,564 -  Finished Logging fileparser.log
2021-06-25 12:48:15,565 - output file opened and contents written.
2021-06-25 12:48:15,565 -  Finished Logging fileparser.log
2021-06-25 12:48:15,566 - output file opened and contents written.
2021-06-25 12:48:15,566 -  Finished Logging fileparser.log
2021-06-25 12:48:15,566 - Operations are done
2021-06-25 12:48:15,567 -  Finished Logging fileparser.log
2021-06-25 12:54:28,191 - config file opened and directories are set.
2021-06-25 12:54:28,192 -  Finished Logging fileparser.log
2021-06-25 12:54:28,193 - config file opened and directories are read.
2021-06-25 12:54:28,193 -  Finished Logging fileparser.log
2021-06-25 12:54:28,193 - input file opened and read all the contents into a list.
2021-06-25 12:54:28,193 -  Finished Logging fileparser.log
2021-06-25 12:54:28,196 - output file opened and contents written.
2021-06-25 12:54:28,196 -  Finished Logging fileparser.log
2021-06-25 12:54:28,196 - output file opened and contents written.
2021-06-25 12:54:28,197 -  Finished Logging fileparser.log
2021-06-25 12:54:28,197 - output file opened and contents written.
2021-06-25 12:54:28,197 -  Finished Logging fileparser.log
2021-06-25 12:54:28,198 - output file opened and contents written.
2021-06-25 12:54:28,198 -  Finished Logging fileparser.log
2021-06-25 12:54:28,199 - output file opened and contents written.
2021-06-25 12:54:28,199 -  Finished Logging fileparser.log
2021-06-25 12:54:28,199 - output file opened and contents written.
2021-06-25 12:54:28,199 -  Finished Logging fileparser.log
2021-06-25 12:54:28,200 - output file opened and contents written.
2021-06-25 12:54:28,200 -  Finished Logging fileparser.log
2021-06-25 12:54:28,201 - output file opened and contents written.
2021-06-25 12:54:28,201 -  Finished Logging fileparser.log
2021-06-25 12:54:28,201 - output file opened and contents written.
2021-06-25 12:54:28,202 -  Finished Logging fileparser.log
2021-06-25 12:54:28,202 - output file opened and contents written.
2021-06-25 12:54:28,202 -  Finished Logging fileparser.log
2021-06-25 12:54:28,203 - output file opened and contents written.
2021-06-25 12:54:28,203 -  Finished Logging fileparser.log
2021-06-25 12:54:28,204 - output file opened and contents written.
2021-06-25 12:54:28,204 -  Finished Logging fileparser.log
2021-06-25 12:54:28,204 - output file opened and contents written.
2021-06-25 12:54:28,205 -  Finished Logging fileparser.log
2021-06-25 12:54:28,205 - output file opened and contents written.
2021-06-25 12:54:28,205 -  Finished Logging fileparser.log
2021-06-25 12:54:28,206 - output file opened and contents written.
2021-06-25 12:54:28,206 -  Finished Logging fileparser.log
2021-06-25 12:54:28,206 - output file opened and contents written.
2021-06-25 12:54:28,207 -  Finished Logging fileparser.log
2021-06-25 12:54:28,207 - output file opened and contents written.
2021-06-25 12:54:28,207 -  Finished Logging fileparser.log
2021-06-25 12:54:28,208 - output file opened and contents written.
2021-06-25 12:54:28,208 -  Finished Logging fileparser.log
2021-06-25 12:54:28,209 - output file opened and contents written.
2021-06-25 12:54:28,209 -  Finished Logging fileparser.log
2021-06-25 12:54:28,209 - output file opened and contents written.
2021-06-25 12:54:28,209 -  Finished Logging fileparser.log
2021-06-25 12:54:28,210 - output file opened and contents written.
2021-06-25 12:54:28,210 -  Finished Logging fileparser.log
2021-06-25 12:54:28,211 - output file opened and contents written.
2021-06-25 12:54:28,211 -  Finished Logging fileparser.log
2021-06-25 12:54:28,211 - output file opened and contents written.
2021-06-25 12:54:28,211 -  Finished Logging fileparser.log
2021-06-25 12:54:28,212 - output file opened and contents written.
2021-06-25 12:54:28,212 -  Finished Logging fileparser.log
2021-06-25 12:54:28,213 - output file opened and contents written.
2021-06-25 12:54:28,213 -  Finished Logging fileparser.log
2021-06-25 12:54:28,214 - output file opened and contents written.
2021-06-25 12:54:28,214 -  Finished Logging fileparser.log
2021-06-25 12:54:28,214 - output file opened and contents written.
2021-06-25 12:54:28,214 -  Finished Logging fileparser.log
2021-06-25 12:54:28,215 - output file opened and contents written.
2021-06-25 12:54:28,215 -  Finished Logging fileparser.log
2021-06-25 12:54:28,216 - output file opened and contents written.
2021-06-25 12:54:28,216 -  Finished Logging fileparser.log
2021-06-25 12:54:28,216 - output file opened and contents written.
2021-06-25 12:54:28,216 -  Finished Logging fileparser.log
2021-06-25 12:54:28,217 - output file opened and contents written.
2021-06-25 12:54:28,217 -  Finished Logging fileparser.log
2021-06-25 12:54:28,218 - output file opened and contents written.
2021-06-25 12:54:28,218 -  Finished Logging fileparser.log
2021-06-25 12:54:28,218 - output file opened and contents written.
2021-06-25 12:54:28,219 -  Finished Logging fileparser.log
2021-06-25 12:54:28,219 - output file opened and contents written.
2021-06-25 12:54:28,219 -  Finished Logging fileparser.log
2021-06-25 12:54:28,220 - output file opened and contents written.
2021-06-25 12:54:28,220 -  Finished Logging fileparser.log
2021-06-25 12:54:28,220 - output file opened and contents written.
2021-06-25 12:54:28,221 -  Finished Logging fileparser.log
2021-06-25 12:54:28,221 - output file opened and contents written.
2021-06-25 12:54:28,221 -  Finished Logging fileparser.log
2021-06-25 12:54:28,222 - output file opened and contents written.
2021-06-25 12:54:28,222 -  Finished Logging fileparser.log
2021-06-25 12:54:28,222 - Operations are done
2021-06-25 12:54:28,222 -  Finished Logging fileparser.log
2021-06-25 13:07:30,753 - config file opened and directories are set.
2021-06-25 13:07:30,755 -  Finished Logging fileparser.log
2021-06-25 13:07:30,755 - config file opened and directories are read.
2021-06-25 13:07:30,755 -  Finished Logging fileparser.log
2021-06-25 13:07:30,756 - input file opened and read all the contents into a list.
2021-06-25 13:07:30,756 -  Finished Logging fileparser.log
2021-06-25 13:07:30,758 - output file opened and contents written.
2021-06-25 13:07:30,758 -  Finished Logging fileparser.log
2021-06-25 13:07:30,759 - output file opened and contents written.
2021-06-25 13:07:30,759 -  Finished Logging fileparser.log
2021-06-25 13:07:30,760 - output file opened and contents written.
2021-06-25 13:07:30,760 -  Finished Logging fileparser.log
2021-06-25 13:07:30,761 - output file opened and contents written.
2021-06-25 13:07:30,761 -  Finished Logging fileparser.log
2021-06-25 13:07:30,763 - output file opened and contents written.
2021-06-25 13:07:30,763 -  Finished Logging fileparser.log
2021-06-25 13:07:30,765 - output file opened and contents written.
2021-06-25 13:07:30,765 -  Finished Logging fileparser.log
2021-06-25 13:07:30,766 - output file opened and contents written.
2021-06-25 13:07:30,766 -  Finished Logging fileparser.log
2021-06-25 13:07:30,767 - output file opened and contents written.
2021-06-25 13:07:30,767 -  Finished Logging fileparser.log
2021-06-25 13:07:30,768 - output file opened and contents written.
2021-06-25 13:07:30,768 -  Finished Logging fileparser.log
2021-06-25 13:07:30,769 - output file opened and contents written.
2021-06-25 13:07:30,769 -  Finished Logging fileparser.log
2021-06-25 13:07:30,770 - output file opened and contents written.
2021-06-25 13:07:30,770 -  Finished Logging fileparser.log
2021-06-25 13:07:30,771 - output file opened and contents written.
2021-06-25 13:07:30,771 -  Finished Logging fileparser.log
2021-06-25 13:07:30,773 - output file opened and contents written.
2021-06-25 13:07:30,773 -  Finished Logging fileparser.log
2021-06-25 13:07:30,774 - output file opened and contents written.
2021-06-25 13:07:30,774 -  Finished Logging fileparser.log
2021-06-25 13:07:30,775 - output file opened and contents written.
2021-06-25 13:07:30,775 -  Finished Logging fileparser.log
2021-06-25 13:07:30,776 - output file opened and contents written.
2021-06-25 13:07:30,776 -  Finished Logging fileparser.log
2021-06-25 13:07:30,777 - output file opened and contents written.
2021-06-25 13:07:30,777 -  Finished Logging fileparser.log
2021-06-25 13:07:30,778 - output file opened and contents written.
2021-06-25 13:07:30,778 -  Finished Logging fileparser.log
2021-06-25 13:07:30,779 - output file opened and contents written.
2021-06-25 13:07:30,779 -  Finished Logging fileparser.log
2021-06-25 13:07:30,780 - output file opened and contents written.
2021-06-25 13:07:30,780 -  Finished Logging fileparser.log
2021-06-25 13:07:30,781 - output file opened and contents written.
2021-06-25 13:07:30,781 -  Finished Logging fileparser.log
2021-06-25 13:07:30,782 - output file opened and contents written.
2021-06-25 13:07:30,783 -  Finished Logging fileparser.log
2021-06-25 13:07:30,784 - output file opened and contents written.
2021-06-25 13:07:30,784 -  Finished Logging fileparser.log
2021-06-25 13:07:30,785 - output file opened and contents written.
2021-06-25 13:07:30,785 -  Finished Logging fileparser.log
2021-06-25 13:07:30,786 - output file opened and contents written.
2021-06-25 13:07:30,786 -  Finished Logging fileparser.log
2021-06-25 13:07:30,787 - output file opened and contents written.
2021-06-25 13:07:30,787 -  Finished Logging fileparser.log
2021-06-25 13:07:30,787 - output file opened and contents written.
2021-06-25 13:07:30,788 -  Finished Logging fileparser.log
2021-06-25 13:07:30,788 - output file opened and contents written.
2021-06-25 13:07:30,788 -  Finished Logging fileparser.log
2021-06-25 13:07:30,789 - output file opened and contents written.
2021-06-25 13:07:30,789 -  Finished Logging fileparser.log
2021-06-25 13:07:30,790 - output file opened and contents written.
2021-06-25 13:07:30,790 -  Finished Logging fileparser.log
2021-06-25 13:07:30,791 - output file opened and contents written.
2021-06-25 13:07:30,791 -  Finished Logging fileparser.log
2021-06-25 13:07:30,791 - output file opened and contents written.
2021-06-25 13:07:30,792 -  Finished Logging fileparser.log
2021-06-25 13:07:30,792 - output file opened and contents written.
2021-06-25 13:07:30,793 -  Finished Logging fileparser.log
2021-06-25 13:07:30,794 - output file opened and contents written.
2021-06-25 13:07:30,794 -  Finished Logging fileparser.log
2021-06-25 13:07:30,795 - output file opened and contents written.
2021-06-25 13:07:30,795 -  Finished Logging fileparser.log
2021-06-25 13:07:30,796 - output file opened and contents written.
2021-06-25 13:07:30,796 -  Finished Logging fileparser.log
2021-06-25 13:07:30,797 - output file opened and contents written.
2021-06-25 13:07:30,797 -  Finished Logging fileparser.log
2021-06-25 13:07:30,798 - output file opened and contents written.
2021-06-25 13:07:30,798 -  Finished Logging fileparser.log
2021-06-25 13:07:30,798 - Operations are done
2021-06-25 13:07:30,798 -  Finished Logging fileparser.log
